DEBUG:root:Logging activated at: 2022-04-11 11:02:57.283997
DEBUG:root:Completed locations at 2022-04-11 11:02:57.284327
DEBUG:root:Completed runtime params at 2022-04-11 11:02:57.284431
DEBUG:root:Completed solar_params at 2022-04-11 11:02:57.287646
DEBUG:urllib3.connectionpool:Starting new HTTPS connection (1): power.larc.nasa.gov:443
DEBUG:urllib3.connectionpool:https://power.larc.nasa.gov:443 "GET /api/temporal/hourly/point?Time=UTC&parameters=ALLSKY_SFC_SW_DWN,CLRSKY_SFC_SW_DWN,ALLSKY_SRF_ALB,SZA,ALLSKY_SFC_PAR_TOT,ALLSKY_KT,CLRSKY_SFC_PAR_TOT,ALLSKY_SFC_UVA,ALLSKY_SFC_UVB,ALLSKY_SFC_UV_INDEX&community=RE&longitude=-75.70&latitude=45.42&start=20200101&end=20220101&format=JSON HTTP/1.1" 200 None
DEBUG:root:Completed Ottawa_Solar at 2022-04-11 11:03:01.600164
DEBUG:urllib3.connectionpool:Starting new HTTPS connection (1): power.larc.nasa.gov:443
DEBUG:urllib3.connectionpool:https://power.larc.nasa.gov:443 "GET /api/temporal/hourly/point?Time=UTC&parameters=ALLSKY_SFC_SW_DWN,CLRSKY_SFC_SW_DWN,ALLSKY_SRF_ALB,SZA,ALLSKY_SFC_PAR_TOT,ALLSKY_KT,CLRSKY_SFC_PAR_TOT,ALLSKY_SFC_UVA,ALLSKY_SFC_UVB,ALLSKY_SFC_UV_INDEX&community=RE&longitude=-79.38&latitude=43.65&start=20200101&end=20220101&format=JSON HTTP/1.1" 200 None
DEBUG:root:Completed Toronto_Solar at 2022-04-11 11:03:06.092143
DEBUG:root:Completed all downloads at 2022-04-11 11:03:06.094733
DEBUG:root:Logging activated at: 2022-04-11 11:03:13.096697
DEBUG:root:Completed locations at 2022-04-11 11:03:13.096943
DEBUG:root:Completed runtime params at 2022-04-11 11:03:13.097050
DEBUG:root:Completed solar_params at 2022-04-11 11:03:13.100424
DEBUG:urllib3.connectionpool:Starting new HTTPS connection (1): power.larc.nasa.gov:443
DEBUG:urllib3.connectionpool:https://power.larc.nasa.gov:443 "GET /api/temporal/hourly/point?Time=UTC&parameters=ALLSKY_SFC_SW_DWN,CLRSKY_SFC_SW_DWN,ALLSKY_SRF_ALB,SZA,ALLSKY_SFC_PAR_TOT,ALLSKY_KT,CLRSKY_SFC_PAR_TOT,ALLSKY_SFC_UVA,ALLSKY_SFC_UVB,ALLSKY_SFC_UV_INDEX&community=RE&longitude=-75.70&latitude=45.42&start=20200101&end=20220101&format=JSON HTTP/1.1" 200 None
DEBUG:root:Completed Ottawa_Solar at 2022-04-11 11:03:17.588941
DEBUG:urllib3.connectionpool:Starting new HTTPS connection (1): power.larc.nasa.gov:443
DEBUG:urllib3.connectionpool:https://power.larc.nasa.gov:443 "GET /api/temporal/hourly/point?Time=UTC&parameters=ALLSKY_SFC_SW_DWN,CLRSKY_SFC_SW_DWN,ALLSKY_SRF_ALB,SZA,ALLSKY_SFC_PAR_TOT,ALLSKY_KT,CLRSKY_SFC_PAR_TOT,ALLSKY_SFC_UVA,ALLSKY_SFC_UVB,ALLSKY_SFC_UV_INDEX&community=RE&longitude=-79.38&latitude=43.65&start=20200101&end=20220101&format=JSON HTTP/1.1" 200 None
DEBUG:root:Completed Toronto_Solar at 2022-04-11 11:03:21.707016
DEBUG:root:Completed all downloads at 2022-04-11 11:03:21.709574
